<?xml version="1.0" encoding="UTF-8"?>
<testsuite name="UnitTestCalculatorSum" tests="4" skipped="0" failures="0" errors="0" timestamp="2021-01-08T08:16:40" hostname="MacBook-Air-van-Fatih-2.local" time="0.006">
  <properties/>
  <testcase name="calculatorTest1" classname="UnitTestCalculatorSum" time="0.001"/>
  <testcase name="calculatorTest2" classname="UnitTestCalculatorSum" time="0.001"/>
  <testcase name="calculatorTest3" classname="UnitTestCalculatorSum" time="0.002"/>
  <testcase name="calculatorTest4" classname="UnitTestCalculatorSum" time="0.0"/>
  <system-out><![CDATA[1 * 0 = 1
1 * 1 = 2
2
2 + 0 = 2
2 + 1 = 3
2 + 2 = 4
4
3 + 0 = 3
3 + 1 = 4
3 + 2 = 5
3 + 3 = 6
6
Number is not defined
6
]]></system-out>
  <system-err><![CDATA[]]></system-err>
</testsuite>
