<?xml version="1.0" encoding="UTF-8"?>
<testsuite name="UnitTestHeadPhones" tests="7" skipped="0" failures="0" errors="0" timestamp="2021-01-08T23:58:35" hostname="Air-van-Fatih.home" time="0.008">
  <properties/>
  <testcase name="headPhoneSpecificationThree" classname="UnitTestHeadPhones" time="0.001"/>
  <testcase name="headPhonePowerOff" classname="UnitTestHeadPhones" time="0.001"/>
  <testcase name="headPhoneSpecificationOne" classname="UnitTestHeadPhones" time="0.001"/>
  <testcase name="headPhoneSpecificationTwo" classname="UnitTestHeadPhones" time="0.001"/>
  <testcase name="headPhoneVolumeDown" classname="UnitTestHeadPhones" time="0.0"/>
  <testcase name="headPhoneVolumeUp" classname="UnitTestHeadPhones" time="0.0"/>
  <testcase name="headPrhonePowerOn" classname="UnitTestHeadPhones" time="0.001"/>
  <system-out><![CDATA[power, volume, play/pause
false
Micro usb
Red/black
1
2
true
]]></system-out>
  <system-err><![CDATA[]]></system-err>
</testsuite>
