<?xml version="1.0" encoding="UTF-8"?>
<testsuite name="UnitTestCalculatorMultiplification" tests="10" skipped="0" failures="0" errors="0" timestamp="2021-01-09T12:10:26" hostname="Air-van-Fatih.home" time="0.035">
  <properties/>
  <testcase name="calculatorTest1" classname="UnitTestCalculatorMultiplification" time="0.001"/>
  <testcase name="calculatorTest2" classname="UnitTestCalculatorMultiplification" time="0.001"/>
  <testcase name="calculatorTest3" classname="UnitTestCalculatorMultiplification" time="0.002"/>
  <testcase name="calculatorTest4" classname="UnitTestCalculatorMultiplification" time="0.001"/>
  <testcase name="calculatorTest5" classname="UnitTestCalculatorMultiplification" time="0.001"/>
  <testcase name="calculatorTest6" classname="UnitTestCalculatorMultiplification" time="0.002"/>
  <testcase name="calculatorTest7" classname="UnitTestCalculatorMultiplification" time="0.001"/>
  <testcase name="calculatorTest8" classname="UnitTestCalculatorMultiplification" time="0.001"/>
  <testcase name="calculatorTest9" classname="UnitTestCalculatorMultiplification" time="0.002"/>
  <testcase name="calculatorTest10" classname="UnitTestCalculatorMultiplification" time="0.016"/>
  <system-out><![CDATA[2 * 1 = 2
2
2 * 2 = 4
4
2 * 3 = 6
6
2 * 4 = 8
8
2 * 5 = 10
10
2 * 6 = 12
12
2 * 7 = 14
14
2 * 8 = 16
16
2 * 9 = 18
18
2 * 10 = 20
20
]]></system-out>
  <system-err><![CDATA[]]></system-err>
</testsuite>
