<?xml version="1.0" encoding="UTF-8"?>
<testsuite name="UnitTestPen" tests="5" skipped="0" failures="0" errors="0" timestamp="2021-01-08T20:17:10" hostname="Air-van-Fatih.home" time="0.009">
  <properties/>
  <testcase name="testGetTypePen" classname="UnitTestPen" time="0.006"/>
  <testcase name="testPenUnClick" classname="UnitTestPen" time="0.001"/>
  <testcase name="testGetColorPen" classname="UnitTestPen" time="0.0"/>
  <testcase name="testPenClick" classname="UnitTestPen" time="0.001"/>
  <testcase name="testGetPointPen" classname="UnitTestPen" time="0.001"/>
  <system-out><![CDATA[gel
false
blue
true
10
]]></system-out>
  <system-err><![CDATA[]]></system-err>
</testsuite>
